Using pre-set license
Built from '2021.2/staging' branch; Version is '2021.2.4f1 (99ba6aa4c552) revision 10074730'; Using compiler version '192829333'; Build Type 'Release'
OS: 'Windows 10 Pro; OS build 22000.348; Version 2009; 64bit' Language: 'en' Physical Memory: 16335 MB
BatchMode: 1, IsHumanControllingUs: 0, StartBugReporterOnCrash: 0, Is64bit: 1, IsPro: 0

COMMAND LINE ARGUMENTS:
D:\Program Files\UnityEditor\2021.2.4f1\Editor\Unity.exe
-adb2
-batchMode
-noUpm
-name
AssetImportWorker2
-projectPath
D:/Repositories/KrakenProfiler
-logFile
Logs/AssetImportWorker2.log
-srvPort
52076
Successfully changed project path to: D:/Repositories/KrakenProfiler
D:/Repositories/KrakenProfiler
[UnityMemory] Configuration Parameters - Can be set up in boot.config
    "memorysetup-bucket-allocator-granularity=16"
    "memorysetup-bucket-allocator-bucket-count=8"
    "memorysetup-bucket-allocator-block-size=33554432"
    "memorysetup-bucket-allocator-block-count=8"
    "memorysetup-main-allocator-block-size=16777216"
    "memorysetup-thread-allocator-block-size=16777216"
    "memorysetup-gfx-main-allocator-block-size=16777216"
    "memorysetup-gfx-thread-allocator-block-size=16777216"
    "memorysetup-cache-allocator-block-size=4194304"
    "memorysetup-typetree-allocator-block-size=2097152"
    "memorysetup-profiler-bucket-allocator-granularity=16"
    "memorysetup-profiler-bucket-allocator-bucket-count=8"
    "memorysetup-profiler-bucket-allocator-block-size=33554432"
    "memorysetup-profiler-bucket-allocator-block-count=8"
    "memorysetup-profiler-allocator-block-size=16777216"
    "memorysetup-profiler-editor-allocator-block-size=1048576"
    "memorysetup-temp-allocator-size-main=16777216"
    "memorysetup-job-temp-allocator-block-size=2097152"
    "memorysetup-job-temp-allocator-block-size-background=1048576"
    "memorysetup-job-temp-allocator-reduction-small-platforms=262144"
    "memorysetup-temp-allocator-size-background-worker=32768"
    "memorysetup-temp-allocator-size-job-worker=262144"
    "memorysetup-temp-allocator-size-preload-manager=33554432"
    "memorysetup-temp-allocator-size-nav-mesh-worker=65536"
    "memorysetup-temp-allocator-size-audio-worker=65536"
    "memorysetup-temp-allocator-size-cloud-worker=32768"
    "memorysetup-temp-allocator-size-gi-baking-worker=262144"
    "memorysetup-temp-allocator-size-gfx=262144"
Refreshing native plugins compatible for Editor in 67.90 ms, found 3 plugins.
Preloading 0 native plugins for Editor in 0.00 ms.
Initialize engine version: 2021.2.4f1 (99ba6aa4c552)
[Subsystems] Discovering subsystems at path D:/Program Files/UnityEditor/2021.2.4f1/Editor/Data/Resources/UnitySubsystems
[Subsystems] Discovering subsystems at path D:/Repositories/KrakenProfiler/Assets
GfxDevice: creating device client; threaded=0; jobified=0
Direct3D:
    Version:  Direct3D 11.0 [level 11.1]
    Renderer: NVIDIA GeForce RTX 2060 (ID=0x1e89)
    Vendor:   NVIDIA
    VRAM:     5968 MB
    Driver:   30.0.14.7275
Initialize mono
Mono path[0] = 'D:/Program Files/UnityEditor/2021.2.4f1/Editor/Data/Managed'
Mono path[1] = 'D:/Program Files/UnityEditor/2021.2.4f1/Editor/Data/MonoBleedingEdge/lib/mono/unityjit-win32'
Mono config path = 'D:/Program Files/UnityEditor/2021.2.4f1/Editor/Data/MonoBleedingEdge/etc'
Using monoOptions --debugger-agent=transport=dt_socket,embedding=1,server=y,suspend=n,address=127.0.0.1:56828
Begin MonoManager ReloadAssembly
Registering precompiled unity dll's ...
Register platform support module: D:/Program Files/UnityEditor/2021.2.4f1/Editor/Data/PlaybackEngines/WindowsStandaloneSupport/UnityEditor.WindowsStandalone.Extensions.dll
Registered in 0.002086 seconds.
Native extension for WindowsStandalone target not found
Refreshing native plugins compatible for Editor in 68.49 ms, found 3 plugins.
Preloading 0 native plugins for Editor in 0.00 ms.
Mono: successfully reloaded assembly
- Completed reload, in  0.504 seconds
Domain Reload Profiling:
	ReloadAssembly (504ms)
		BeginReloadAssembly (68ms)
			ExecutionOrderSort (0ms)
			DisableScriptedObjects (0ms)
			BackupInstance (0ms)
			ReleaseScriptingObjects (0ms)
			CreateAndSetChildDomain (1ms)
		EndReloadAssembly (375ms)
			LoadAssemblies (68ms)
			RebuildTransferFunctionScriptingTraits (0ms)
			SetupTypeCache (87ms)
			ReleaseScriptCaches (0ms)
			RebuildScriptCaches (23ms)
			SetupLoadedEditorAssemblies (226ms)
				LogAssemblyErrors (0ms)
				InitializePlatformSupportModulesInManaged (12ms)
				SetLoadedEditorAssemblies (0ms)
				RefreshPlugins (69ms)
				BeforeProcessingInitializeOnLoad (1ms)
				ProcessInitializeOnLoadAttributes (104ms)
				ProcessInitializeOnLoadMethodAttributes (40ms)
				AfterProcessingInitializeOnLoad (0ms)
				EditorAssembliesLoaded (0ms)
			ExecutionOrderSort2 (0ms)
			AwakeInstancesAfterBackupRestoration (0ms)
Platform modules already initialized, skipping
Registering precompiled user dll's ...
Registered in 0.004669 seconds.
Begin MonoManager ReloadAssembly
Symbol file LoadedFromMemory doesn't match image D:\Repositories\KrakenProfiler\Library\PackageCache\com.unity.visualscripting@1.7.5\Editor\VisualScripting.Core\Dependencies\YamlDotNet\Unity.VisualScripting.YamlDotNet.dll
Symbol file LoadedFromMemory doesn't match image D:\Repositories\KrakenProfiler\Library\PackageCache\com.unity.visualscripting@1.7.5\Editor\VisualScripting.Core\Dependencies\DotNetZip\Unity.VisualScripting.IonicZip.dll
Native extension for WindowsStandalone target not found
Refreshing native plugins compatible for Editor in 0.52 ms, found 3 plugins.
Preloading 0 native plugins for Editor in 0.00 ms.
Mono: successfully reloaded assembly
- Completed reload, in  0.910 seconds
Domain Reload Profiling:
	ReloadAssembly (911ms)
		BeginReloadAssembly (149ms)
			ExecutionOrderSort (0ms)
			DisableScriptedObjects (5ms)
			BackupInstance (0ms)
			ReleaseScriptingObjects (0ms)
			CreateAndSetChildDomain (16ms)
		EndReloadAssembly (688ms)
			LoadAssemblies (71ms)
			RebuildTransferFunctionScriptingTraits (0ms)
			SetupTypeCache (213ms)
			ReleaseScriptCaches (1ms)
			RebuildScriptCaches (40ms)
			SetupLoadedEditorAssemblies (291ms)
				LogAssemblyErrors (0ms)
				InitializePlatformSupportModulesInManaged (9ms)
				SetLoadedEditorAssemblies (0ms)
				RefreshPlugins (1ms)
				BeforeProcessingInitializeOnLoad (67ms)
				ProcessInitializeOnLoadAttributes (192ms)
				ProcessInitializeOnLoadMethodAttributes (18ms)
				AfterProcessingInitializeOnLoad (3ms)
				EditorAssembliesLoaded (0ms)
			ExecutionOrderSort2 (0ms)
			AwakeInstancesAfterBackupRestoration (5ms)
Platform modules already initialized, skipping
========================================================================
Worker process is ready to serve import requests
Launched and connected shader compiler UnityShaderCompiler.exe after 0.10 seconds
Refreshing native plugins compatible for Editor in 0.93 ms, found 3 plugins.
Preloading 0 native plugins for Editor in 0.00 ms.
Unloading 3225 Unused Serialized files (Serialized files now loaded: 0)
Unloading 26 unused Assets / (111.5 KB). Loaded Objects now: 3682.
Memory consumption went from 116.7 MB to 116.6 MB.
Total: 3.041100 ms (FindLiveObjects: 0.286000 ms CreateObjectMapping: 0.092800 ms MarkObjects: 2.571800 ms  DeleteObjects: 0.089500 ms)

AssetImportParameters requested are different than current active one (requested -> active):
  custom:video-decoder-ogg-theora: a1e56fd34408186e4bbccfd4996cb3dc -> 
  custom:container-muxer-webm: aa71ff27fc2769a1b78a27578f13a17b -> 
  custom:container-demuxer-webm: 4f35f7cbe854078d1ac9338744f61a02 -> 
  custom:video-encoder-webm-vp8: eb34c28f22e8b96e1ab97ce403110664 -> 
  custom:audio-encoder-webm-vorbis: bf7c407c2cedff20999df2af8eb42d56 -> 
  custom:framework-win-MediaFoundation: 216162199b28c13a410421893ffa2e32 -> 
  custom:container-demuxer-ogg: 62fdf1f143b41e24485cea50d1cbac27 -> 
  custom:video-decoder-webm-vp8: 9c59270c3fd7afecdb556c50c9e8de78 -> 
  custom:audio-decoder-ogg-vorbis: bf7c407c2cedff20999df2af8eb42d56 -> 
========================================================================
Received Import Request.
  Time since last request: 960533.500752 seconds.
  path: Assets/KrakenProfiler/Demo/Prefavs
  artifactKey: Guid(58a585bed318dd2428d6e599731178c6) Importer(815301076,1909f56bfc062723c751e8b465ee728b)
Start importing Assets/KrakenProfiler/Demo/Prefavs using Guid(58a585bed318dd2428d6e599731178c6) Importer(815301076,1909f56bfc062723c751e8b465ee728b)  -> (artifact id: 'dc12834c32f7fe4b9f6260a88bc191d1') in 0.011839 seconds 
========================================================================
Received Import Request.
  Time since last request: 4.873914 seconds.
  path: Assets/KrakenProfiler/Demo/Prefabs
  artifactKey: Guid(58a585bed318dd2428d6e599731178c6) Importer(815301076,1909f56bfc062723c751e8b465ee728b)
Start importing Assets/KrakenProfiler/Demo/Prefabs using Guid(58a585bed318dd2428d6e599731178c6) Importer(815301076,1909f56bfc062723c751e8b465ee728b)  -> (artifact id: 'c8f12663a53311ecfe49410a18c7dbd1') in 0.007571 seconds 
========================================================================
Received Import Request.
  Time since last request: 40.050141 seconds.
  path: Assets/KrakenProfiler/Demo/Materials/Objects.mat
  artifactKey: Guid(3c52adc9c0e11ac44ae3297858a8f1b8) Importer(815301076,1909f56bfc062723c751e8b465ee728b)
Start importing Assets/KrakenProfiler/Demo/Materials/Objects.mat using Guid(3c52adc9c0e11ac44ae3297858a8f1b8) Importer(815301076,1909f56bfc062723c751e8b465ee728b)  -> (artifact id: '653702e139e1ac2b8aa0f493d99558ae') in 0.103018 seconds 
========================================================================
Received Import Request.
  Time since last request: 77.235290 seconds.
  path: Assets/KrakenProfiler/Demo/Materials/Objects.mat
  artifactKey: Guid(3c52adc9c0e11ac44ae3297858a8f1b8) Importer(815301076,1909f56bfc062723c751e8b465ee728b)
Start importing Assets/KrakenProfiler/Demo/Materials/Objects.mat using Guid(3c52adc9c0e11ac44ae3297858a8f1b8) Importer(815301076,1909f56bfc062723c751e8b465ee728b)  -> (artifact id: 'aa073c58a54c5ba1b3841eba5282977d') in 0.016187 seconds 
========================================================================
Received Import Request.
  Time since last request: 974.908011 seconds.
  path: Assets/KrakenProfiler/Demo/Materials/Particl.mat
  artifactKey: Guid(11e3b4e8ad437ff45a1d801123f4e93b) Importer(815301076,1909f56bfc062723c751e8b465ee728b)
Start importing Assets/KrakenProfiler/Demo/Materials/Particl.mat using Guid(11e3b4e8ad437ff45a1d801123f4e93b) Importer(815301076,1909f56bfc062723c751e8b465ee728b)  -> (artifact id: 'ace9ad9981557fba0c307f68363e971a') in 0.025091 seconds 
========================================================================
Received Import Request.
  Time since last request: 40.135318 seconds.
  path: Assets/TextMesh Pro/Sprites/EmojiOne.png
  artifactKey: Guid(dffef66376be4fa480fb02b19edbe903) Importer(815301076,1909f56bfc062723c751e8b465ee728b)
Start importing Assets/TextMesh Pro/Sprites/EmojiOne.png using Guid(dffef66376be4fa480fb02b19edbe903) Importer(815301076,1909f56bfc062723c751e8b465ee728b)  -> (artifact id: '3fa7e35e7708e32617ab4555a5c07f27') in 0.055079 seconds 
========================================================================
Received Prepare
Registering precompiled user dll's ...
Registered in 0.006125 seconds.
Begin MonoManager ReloadAssembly
Symbol file LoadedFromMemory doesn't match image D:\Repositories\KrakenProfiler\Library\PackageCache\com.unity.visualscripting@1.7.5\Editor\VisualScripting.Core\Dependencies\YamlDotNet\Unity.VisualScripting.YamlDotNet.dll
Symbol file LoadedFromMemory doesn't match image D:\Repositories\KrakenProfiler\Library\PackageCache\com.unity.visualscripting@1.7.5\Editor\VisualScripting.Core\Dependencies\DotNetZip\Unity.VisualScripting.IonicZip.dll
Native extension for WindowsStandalone target not found
Refreshing native plugins compatible for Editor in 1473.40 ms, found 3 plugins.
Preloading 0 native plugins for Editor in 0.00 ms.
Mono: successfully reloaded assembly
- Completed reload, in  3.743 seconds
Domain Reload Profiling:
	ReloadAssembly (3743ms)
		BeginReloadAssembly (146ms)
			ExecutionOrderSort (0ms)
			DisableScriptedObjects (4ms)
			BackupInstance (0ms)
			ReleaseScriptingObjects (0ms)
			CreateAndSetChildDomain (38ms)
		EndReloadAssembly (3510ms)
			LoadAssemblies (89ms)
			RebuildTransferFunctionScriptingTraits (0ms)
			SetupTypeCache (261ms)
			ReleaseScriptCaches (5ms)
			RebuildScriptCaches (56ms)
			SetupLoadedEditorAssemblies (2304ms)
				LogAssemblyErrors (0ms)
				InitializePlatformSupportModulesInManaged (11ms)
				SetLoadedEditorAssemblies (0ms)
				RefreshPlugins (1474ms)
				BeforeProcessingInitializeOnLoad (377ms)
				ProcessInitializeOnLoadAttributes (370ms)
				ProcessInitializeOnLoadMethodAttributes (69ms)
				AfterProcessingInitializeOnLoad (3ms)
				EditorAssembliesLoaded (0ms)
			ExecutionOrderSort2 (0ms)
			AwakeInstancesAfterBackupRestoration (9ms)
Platform modules already initialized, skipping
Shader 'Universal Render Pipeline/Particles/Simple Lit': fallback shader 'Universal Render Pipeline/Particles/Unlit' not found
Shader 'Hidden/Universal Render Pipeline/Terrain/Lit (Add Pass)': fallback shader 'Hidden/Universal Render Pipeline/FallbackError' not found
Shader 'Hidden/Universal Render Pipeline/Terrain/Lit (Base Pass)': fallback shader 'Hidden/Universal Render Pipeline/FallbackError' not found
WARNING: Shader Unsupported: 'Hidden/Universal Render Pipeline/Terrain/Lit (Base Pass)' - All subshaders removed
WARNING: Shader Did you use #pragma only_renderers and omit this platform?
WARNING: Shader If subshaders removal was intentional, you may have forgotten turning Fallback off?
WARNING: Shader Unsupported: 'Hidden/Universal Render Pipeline/Terrain/Lit (Base Pass)' - All subshaders removed
WARNING: Shader Did you use #pragma only_renderers and omit this platform?
WARNING: Shader If subshaders removal was intentional, you may have forgotten turning Fallback off?
Shader 'Universal Render Pipeline/Nature/SpeedTree7': dependency 'BillboardShader' shader 'Universal Render Pipeline/Nature/SpeedTree7 Billboard' not found
Shader 'Universal Render Pipeline/Unlit': fallback shader 'Hidden/Universal Render Pipeline/FallbackError' not found
Shader 'Hidden/Universal Render Pipeline/StencilDeferred': fallback shader 'Hidden/Universal Render Pipeline/FallbackError' not found
Shader 'Universal Render Pipeline/Simple Lit': fallback shader 'Hidden/Universal Render Pipeline/FallbackError' not found
Refreshing native plugins compatible for Editor in 0.83 ms, found 3 plugins.
Preloading 0 native plugins for Editor in 0.00 ms.
Unloading 4924 Unused Serialized files (Serialized files now loaded: 0)
Unloading 99 unused Assets / (6.1 MB). Loaded Objects now: 5377.
Memory consumption went from 196.1 MB to 190.0 MB.
Total: 24.347000 ms (FindLiveObjects: 0.638100 ms CreateObjectMapping: 0.183600 ms MarkObjects: 19.165300 ms  DeleteObjects: 4.357600 ms)

AssetImportParameters requested are different than current active one (requested -> active):
  custom:video-decoder-ogg-theora: a1e56fd34408186e4bbccfd4996cb3dc -> 
  custom:container-muxer-webm: aa71ff27fc2769a1b78a27578f13a17b -> 
  custom:container-demuxer-webm: 4f35f7cbe854078d1ac9338744f61a02 -> 
  custom:video-encoder-webm-vp8: eb34c28f22e8b96e1ab97ce403110664 -> 
  custom:audio-encoder-webm-vorbis: bf7c407c2cedff20999df2af8eb42d56 -> 
  custom:framework-win-MediaFoundation: 216162199b28c13a410421893ffa2e32 -> 
  custom:container-demuxer-ogg: 62fdf1f143b41e24485cea50d1cbac27 -> 
  custom:video-decoder-webm-vp8: 9c59270c3fd7afecdb556c50c9e8de78 -> 
  custom:audio-decoder-ogg-vorbis: bf7c407c2cedff20999df2af8eb42d56 -> 
========================================================================
Received Import Request.
  Time since last request: 178.246862 seconds.
  path: Assets/KrakenProfiler/Demo/Materials/Particl.mat
  artifactKey: Guid(11e3b4e8ad437ff45a1d801123f4e93b) Importer(815301076,1909f56bfc062723c751e8b465ee728b)
Start importing Assets/KrakenProfiler/Demo/Materials/Particl.mat using Guid(11e3b4e8ad437ff45a1d801123f4e93b) Importer(815301076,1909f56bfc062723c751e8b465ee728b)  -> (artifact id: 'b80a6e098366e78653e12cc6871dfd0b') in 0.067750 seconds 
========================================================================
Received Import Request.
  Time since last request: 68.874918 seconds.
  path: Assets/URP.asset
  artifactKey: Guid(d021a72836646144dbf3aef4cad18a58) Importer(815301076,1909f56bfc062723c751e8b465ee728b)
Start importing Assets/URP.asset using Guid(d021a72836646144dbf3aef4cad18a58) Importer(815301076,1909f56bfc062723c751e8b465ee728b)  -> (artifact id: '3b5de568416a0f7b7a747a4d0ea1fb45') in 0.052735 seconds 
========================================================================
Received Import Request.
  Time since last request: 0.163033 seconds.
  path: Assets/URP_Renderer.asset
  artifactKey: Guid(9d72204064c0ffe44ae83dfe5d7f15c4) Importer(815301076,1909f56bfc062723c751e8b465ee728b)
Start importing Assets/URP_Renderer.asset using Guid(9d72204064c0ffe44ae83dfe5d7f15c4) Importer(815301076,1909f56bfc062723c751e8b465ee728b)  -> (artifact id: '5bfef732a91b0fa1dc449163a4478827') in 0.035815 seconds 
========================================================================
Received Import Request.
  Time since last request: 13.652363 seconds.
  path: Assets/URPSettings
  artifactKey: Guid(0dce58d98ec11ab48a56d08a5c25fbb5) Importer(815301076,1909f56bfc062723c751e8b465ee728b)
Start importing Assets/URPSettings using Guid(0dce58d98ec11ab48a56d08a5c25fbb5) Importer(815301076,1909f56bfc062723c751e8b465ee728b)  -> (artifact id: 'f0c59402d442bf85247b460f384d2c27') in 0.007165 seconds 
========================================================================
Received Prepare
Refreshing native plugins compatible for Editor in 5.42 ms, found 3 plugins.
Preloading 0 native plugins for Editor in 0.00 ms.
Unloading 97 Unused Serialized files (Serialized files now loaded: 0)
Unloading 98 unused Assets / (6.1 MB). Loaded Objects now: 5378.
Memory consumption went from 100.0 MB to 93.9 MB.
Total: 6.443700 ms (FindLiveObjects: 0.405900 ms CreateObjectMapping: 0.146600 ms MarkObjects: 3.630600 ms  DeleteObjects: 2.259400 ms)

AssetImportParameters requested are different than current active one (requested -> active):
  custom:video-decoder-ogg-theora: a1e56fd34408186e4bbccfd4996cb3dc -> 
  custom:container-muxer-webm: aa71ff27fc2769a1b78a27578f13a17b -> 
  custom:container-demuxer-webm: 4f35f7cbe854078d1ac9338744f61a02 -> 
  custom:video-encoder-webm-vp8: eb34c28f22e8b96e1ab97ce403110664 -> 
  custom:audio-encoder-webm-vorbis: bf7c407c2cedff20999df2af8eb42d56 -> 
  custom:framework-win-MediaFoundation: 216162199b28c13a410421893ffa2e32 -> 
  custom:container-demuxer-ogg: 62fdf1f143b41e24485cea50d1cbac27 -> 
  custom:video-decoder-webm-vp8: 9c59270c3fd7afecdb556c50c9e8de78 -> 
  custom:audio-decoder-ogg-vorbis: bf7c407c2cedff20999df2af8eb42d56 -> 
========================================================================
Received Prepare
Refreshing native plugins compatible for Editor in 4.97 ms, found 3 plugins.
Preloading 0 native plugins for Editor in 0.00 ms.
Unloading 97 Unused Serialized files (Serialized files now loaded: 0)
Unloading 97 unused Assets / (6.1 MB). Loaded Objects now: 5378.
Memory consumption went from 100.0 MB to 93.9 MB.
Total: 6.230400 ms (FindLiveObjects: 0.413200 ms CreateObjectMapping: 0.145500 ms MarkObjects: 3.201200 ms  DeleteObjects: 2.469400 ms)

AssetImportParameters requested are different than current active one (requested -> active):
  custom:video-decoder-ogg-theora: a1e56fd34408186e4bbccfd4996cb3dc -> 
  custom:container-muxer-webm: aa71ff27fc2769a1b78a27578f13a17b -> 
  custom:container-demuxer-webm: 4f35f7cbe854078d1ac9338744f61a02 -> 
  custom:video-encoder-webm-vp8: eb34c28f22e8b96e1ab97ce403110664 -> 
  custom:audio-encoder-webm-vorbis: bf7c407c2cedff20999df2af8eb42d56 -> 
  custom:framework-win-MediaFoundation: 216162199b28c13a410421893ffa2e32 -> 
  custom:container-demuxer-ogg: 62fdf1f143b41e24485cea50d1cbac27 -> 
  custom:video-decoder-webm-vp8: 9c59270c3fd7afecdb556c50c9e8de78 -> 
  custom:audio-decoder-ogg-vorbis: bf7c407c2cedff20999df2af8eb42d56 -> 
========================================================================
Received Prepare
Refreshing native plugins compatible for Editor in 4.18 ms, found 3 plugins.
Preloading 0 native plugins for Editor in 0.00 ms.
Unloading 97 Unused Serialized files (Serialized files now loaded: 0)
Unloading 97 unused Assets / (6.1 MB). Loaded Objects now: 5378.
Memory consumption went from 100.0 MB to 93.9 MB.
Total: 6.045400 ms (FindLiveObjects: 0.538700 ms CreateObjectMapping: 0.158000 ms MarkObjects: 3.223200 ms  DeleteObjects: 2.124400 ms)

AssetImportParameters requested are different than current active one (requested -> active):
  custom:video-decoder-ogg-theora: a1e56fd34408186e4bbccfd4996cb3dc -> 
  custom:container-muxer-webm: aa71ff27fc2769a1b78a27578f13a17b -> 
  custom:container-demuxer-webm: 4f35f7cbe854078d1ac9338744f61a02 -> 
  custom:video-encoder-webm-vp8: eb34c28f22e8b96e1ab97ce403110664 -> 
  custom:audio-encoder-webm-vorbis: bf7c407c2cedff20999df2af8eb42d56 -> 
  custom:framework-win-MediaFoundation: 216162199b28c13a410421893ffa2e32 -> 
  custom:container-demuxer-ogg: 62fdf1f143b41e24485cea50d1cbac27 -> 
  custom:video-decoder-webm-vp8: 9c59270c3fd7afecdb556c50c9e8de78 -> 
  custom:audio-decoder-ogg-vorbis: bf7c407c2cedff20999df2af8eb42d56 -> 
========================================================================
Received Prepare
Refreshing native plugins compatible for Editor in 4.69 ms, found 3 plugins.
Preloading 0 native plugins for Editor in 0.00 ms.
Unloading 97 Unused Serialized files (Serialized files now loaded: 0)
Unloading 97 unused Assets / (6.1 MB). Loaded Objects now: 5378.
Memory consumption went from 100.0 MB to 93.9 MB.
Total: 5.782000 ms (FindLiveObjects: 0.398700 ms CreateObjectMapping: 0.145700 ms MarkObjects: 3.085100 ms  DeleteObjects: 2.151600 ms)

AssetImportParameters requested are different than current active one (requested -> active):
  custom:video-decoder-ogg-theora: a1e56fd34408186e4bbccfd4996cb3dc -> 
  custom:container-muxer-webm: aa71ff27fc2769a1b78a27578f13a17b -> 
  custom:container-demuxer-webm: 4f35f7cbe854078d1ac9338744f61a02 -> 
  custom:video-encoder-webm-vp8: eb34c28f22e8b96e1ab97ce403110664 -> 
  custom:audio-encoder-webm-vorbis: bf7c407c2cedff20999df2af8eb42d56 -> 
  custom:framework-win-MediaFoundation: 216162199b28c13a410421893ffa2e32 -> 
  custom:container-demuxer-ogg: 62fdf1f143b41e24485cea50d1cbac27 -> 
  custom:video-decoder-webm-vp8: 9c59270c3fd7afecdb556c50c9e8de78 -> 
  custom:audio-decoder-ogg-vorbis: bf7c407c2cedff20999df2af8eb42d56 -> 
========================================================================
Received Prepare
Refreshing native plugins compatible for Editor in 4.27 ms, found 3 plugins.
Preloading 0 native plugins for Editor in 0.00 ms.
Unloading 97 Unused Serialized files (Serialized files now loaded: 0)
Unloading 97 unused Assets / (6.1 MB). Loaded Objects now: 5378.
Memory consumption went from 100.2 MB to 94.1 MB.
Total: 6.634800 ms (FindLiveObjects: 0.424200 ms CreateObjectMapping: 0.137700 ms MarkObjects: 3.405000 ms  DeleteObjects: 2.665900 ms)

AssetImportParameters requested are different than current active one (requested -> active):
  graphicsApiMask: 2097156 -> 4
  custom:video-decoder-ogg-theora: a1e56fd34408186e4bbccfd4996cb3dc -> 
  custom:container-muxer-webm: aa71ff27fc2769a1b78a27578f13a17b -> 
  custom:container-demuxer-webm: 4f35f7cbe854078d1ac9338744f61a02 -> 
  custom:video-encoder-webm-vp8: eb34c28f22e8b96e1ab97ce403110664 -> 
  custom:audio-encoder-webm-vorbis: bf7c407c2cedff20999df2af8eb42d56 -> 
  custom:framework-win-MediaFoundation: 216162199b28c13a410421893ffa2e32 -> 
  custom:container-demuxer-ogg: 62fdf1f143b41e24485cea50d1cbac27 -> 
  custom:video-decoder-webm-vp8: 9c59270c3fd7afecdb556c50c9e8de78 -> 
  custom:audio-decoder-ogg-vorbis: bf7c407c2cedff20999df2af8eb42d56 -> 
========================================================================
Received Import Request.
  Time since last request: 58.203843 seconds.
  path: Assets/URPSettings/URP_Renderer.asset
  artifactKey: Guid(9d72204064c0ffe44ae83dfe5d7f15c4) Importer(815301076,1909f56bfc062723c751e8b465ee728b)
Start importing Assets/URPSettings/URP_Renderer.asset using Guid(9d72204064c0ffe44ae83dfe5d7f15c4) Importer(815301076,1909f56bfc062723c751e8b465ee728b)  -> (artifact id: 'f239a6a701d4968c09120382cb7aa235') in 0.036999 seconds 
========================================================================
Received Prepare
Switching render pipeline 00000000000000000000000000000000 -> d021a72836646144dbf3aef4cad18a58
Refreshing native plugins compatible for Editor in 7.50 ms, found 3 plugins.
Preloading 0 native plugins for Editor in 0.00 ms.
Unloading 145 Unused Serialized files (Serialized files now loaded: 0)
Unloading 72 unused Assets / (4.3 MB). Loaded Objects now: 5451.
Memory consumption went from 104.7 MB to 100.3 MB.
Total: 5.865300 ms (FindLiveObjects: 0.459000 ms CreateObjectMapping: 0.156600 ms MarkObjects: 3.281700 ms  DeleteObjects: 1.966400 ms)

AssetImportParameters requested are different than current active one (requested -> active):
  custom:video-decoder-ogg-theora: a1e56fd34408186e4bbccfd4996cb3dc -> 
  custom:container-muxer-webm: aa71ff27fc2769a1b78a27578f13a17b -> 
  custom:container-demuxer-webm: 4f35f7cbe854078d1ac9338744f61a02 -> 
  custom:video-encoder-webm-vp8: eb34c28f22e8b96e1ab97ce403110664 -> 
  custom:audio-encoder-webm-vorbis: bf7c407c2cedff20999df2af8eb42d56 -> 
  custom:framework-win-MediaFoundation: 216162199b28c13a410421893ffa2e32 -> 
  custom:container-demuxer-ogg: 62fdf1f143b41e24485cea50d1cbac27 -> 
  custom:video-decoder-webm-vp8: 9c59270c3fd7afecdb556c50c9e8de78 -> 
  custom:audio-decoder-ogg-vorbis: bf7c407c2cedff20999df2af8eb42d56 -> 
========================================================================
Received Import Request.
  Time since last request: 13.550574 seconds.
  path: Assets/URPSettings/URP.asset
  artifactKey: Guid(d021a72836646144dbf3aef4cad18a58) Importer(815301076,1909f56bfc062723c751e8b465ee728b)
Start importing Assets/URPSettings/URP.asset using Guid(d021a72836646144dbf3aef4cad18a58) Importer(815301076,1909f56bfc062723c751e8b465ee728b)  -> (artifact id: '0768f0807fa0d0f89a86ff3d86c12048') in 0.006290 seconds 
========================================================================
Received Import Request.
  Time since last request: 0.000023 seconds.
  path: Assets/URPSettings/URP_Renderer.asset
  artifactKey: Guid(9d72204064c0ffe44ae83dfe5d7f15c4) Importer(815301076,1909f56bfc062723c751e8b465ee728b)
Start importing Assets/URPSettings/URP_Renderer.asset using Guid(9d72204064c0ffe44ae83dfe5d7f15c4) Importer(815301076,1909f56bfc062723c751e8b465ee728b)  -> (artifact id: '611302158b9afa22fd70eca5a9cc717f') in 0.005671 seconds 
========================================================================
Received Import Request.
  Time since last request: 116.807519 seconds.
  path: Assets/UniversalRenderPipelineGlobalSettings.asset
  artifactKey: Guid(199906726606af545b3fb728e79cef63) Importer(2089858483,c653a7c40615fbf8c82c05b109e42dfe)
Start importing Assets/UniversalRenderPipelineGlobalSettings.asset using Guid(199906726606af545b3fb728e79cef63) Importer(2089858483,c653a7c40615fbf8c82c05b109e42dfe) Generated GUIDs only implemented for interfaces!
 -> (artifact id: '90570f6d2fd853621e696b9c019911a8') in 0.167361 seconds 
========================================================================
Received Import Request.
  Time since last request: 0.000026 seconds.
  path: Assets/TextMesh Pro/Shaders/TMP_SDF Overlay.shader
  artifactKey: Guid(dd89cf5b9246416f84610a006f916af7) Importer(2089858483,c653a7c40615fbf8c82c05b109e42dfe)
Start importing Assets/TextMesh Pro/Shaders/TMP_SDF Overlay.shader using Guid(dd89cf5b9246416f84610a006f916af7) Importer(2089858483,c653a7c40615fbf8c82c05b109e42dfe) Generated GUIDs only implemented for interfaces!
 -> (artifact id: 'ed822d83d2d517983e345e0cc68d9263') in 0.021902 seconds 
========================================================================
Received Import Request.
  Time since last request: 0.000030 seconds.
  path: Assets/TextMesh Pro/Shaders/TMP_SDF.shader
  artifactKey: Guid(68e6db2ebdc24f95958faec2be5558d6) Importer(2089858483,c653a7c40615fbf8c82c05b109e42dfe)
Start importing Assets/TextMesh Pro/Shaders/TMP_SDF.shader using Guid(68e6db2ebdc24f95958faec2be5558d6) Importer(2089858483,c653a7c40615fbf8c82c05b109e42dfe) Generated GUIDs only implemented for interfaces!
 -> (artifact id: 'f02f114a629a537760632e5a726b2084') in 0.017639 seconds 
========================================================================
Received Import Request.
  Time since last request: 0.000025 seconds.
  path: Assets/TextMesh Pro/Shaders/TMPro.cginc
  artifactKey: Guid(407bc68d299748449bbf7f48ee690f8d) Importer(2089858483,c653a7c40615fbf8c82c05b109e42dfe)
Start importing Assets/TextMesh Pro/Shaders/TMPro.cginc using Guid(407bc68d299748449bbf7f48ee690f8d) Importer(2089858483,c653a7c40615fbf8c82c05b109e42dfe) Generated GUIDs only implemented for interfaces!
 -> (artifact id: 'f8146c1e18b258c098d97a7b8d4d8a4c') in 0.028440 seconds 
========================================================================
Received Import Request.
  Time since last request: 0.000020 seconds.
  path: Assets/TextMesh Pro/Shaders/TMP_SDF-Mobile.shader
  artifactKey: Guid(fe393ace9b354375a9cb14cdbbc28be4) Importer(2089858483,c653a7c40615fbf8c82c05b109e42dfe)
Start importing Assets/TextMesh Pro/Shaders/TMP_SDF-Mobile.shader using Guid(fe393ace9b354375a9cb14cdbbc28be4) Importer(2089858483,c653a7c40615fbf8c82c05b109e42dfe) Generated GUIDs only implemented for interfaces!
 -> (artifact id: '7812edd13047ffe2674dd9f04545eaf6') in 0.015536 seconds 
========================================================================
Received Import Request.
  Time since last request: 0.000018 seconds.
  path: Assets/KrakenProfiler/Demo/Materials/Floor.mat
  artifactKey: Guid(d8926df43b67b5d40bb156dc76b70d94) Importer(2089858483,c653a7c40615fbf8c82c05b109e42dfe)
Start importing Assets/KrakenProfiler/Demo/Materials/Floor.mat using Guid(d8926df43b67b5d40bb156dc76b70d94) Importer(2089858483,c653a7c40615fbf8c82c05b109e42dfe) Generated GUIDs only implemented for interfaces!
 -> (artifact id: '27e9b4d428638bdb9660cd891918c493') in 0.020752 seconds 
========================================================================
Received Import Request.
  Time since last request: 0.000017 seconds.
  path: Assets/TextMesh Pro/Resources/Fonts & Materials/LiberationSans SDF - Drop Shadow.mat
  artifactKey: Guid(e73a58f6e2794ae7b1b7e50b7fb811b0) Importer(2089858483,c653a7c40615fbf8c82c05b109e42dfe)
Start importing Assets/TextMesh Pro/Resources/Fonts & Materials/LiberationSans SDF - Drop Shadow.mat using Guid(e73a58f6e2794ae7b1b7e50b7fb811b0) Importer(2089858483,c653a7c40615fbf8c82c05b109e42dfe) Generated GUIDs only implemented for interfaces!
 -> (artifact id: 'cb115162f9391761d5b5c8a3c7e5e152') in 0.027021 seconds 
========================================================================
Received Import Request.
  Time since last request: 0.000017 seconds.
  path: Assets/TextMesh Pro/Sprites/EmojiOne.json
  artifactKey: Guid(8f05276190cf498a8153f6cbe761d4e6) Importer(2089858483,c653a7c40615fbf8c82c05b109e42dfe)
Start importing Assets/TextMesh Pro/Sprites/EmojiOne.json using Guid(8f05276190cf498a8153f6cbe761d4e6) Importer(2089858483,c653a7c40615fbf8c82c05b109e42dfe) Generated GUIDs only implemented for interfaces!
 -> (artifact id: '551f31e0a8af0f751e6b6ac75d69edc8') in 0.016382 seconds 
========================================================================
Received Import Request.
  Time since last request: 0.000017 seconds.
  path: Assets/KrakenProfiler/Demo/Materials/Particl.mat
  artifactKey: Guid(11e3b4e8ad437ff45a1d801123f4e93b) Importer(2089858483,c653a7c40615fbf8c82c05b109e42dfe)
Start importing Assets/KrakenProfiler/Demo/Materials/Particl.mat using Guid(11e3b4e8ad437ff45a1d801123f4e93b) Importer(2089858483,c653a7c40615fbf8c82c05b109e42dfe) Generated GUIDs only implemented for interfaces!
 -> (artifact id: '3038ef60269dadfb3254dedf8ea3f99a') in 0.010008 seconds 
========================================================================
Received Import Request.
  Time since last request: 0.000026 seconds.
  path: Assets/TextMesh Pro/Shaders/TMP_SDF-Mobile SSD.shader
  artifactKey: Guid(c8d12adcee749c344b8117cf7c7eb912) Importer(2089858483,c653a7c40615fbf8c82c05b109e42dfe)
Start importing Assets/TextMesh Pro/Shaders/TMP_SDF-Mobile SSD.shader using Guid(c8d12adcee749c344b8117cf7c7eb912) Importer(2089858483,c653a7c40615fbf8c82c05b109e42dfe) Generated GUIDs only implemented for interfaces!
 -> (artifact id: 'f3dfb19e4cdbf3c0dcfc83ec493049fc') in 0.012711 seconds 
========================================================================
Received Import Request.
  Time since last request: 0.000025 seconds.
  path: Assets/TextMesh Pro/Resources/TMP Settings.asset
  artifactKey: Guid(3f5b5dff67a942289a9defa416b206f3) Importer(2089858483,c653a7c40615fbf8c82c05b109e42dfe)
Start importing Assets/TextMesh Pro/Resources/TMP Settings.asset using Guid(3f5b5dff67a942289a9defa416b206f3) Importer(2089858483,c653a7c40615fbf8c82c05b109e42dfe) Generated GUIDs only implemented for interfaces!
 -> (artifact id: 'ec8586b71d20bed1d4bf33b702e75ae2') in 0.052392 seconds 
========================================================================
Received Import Request.
  Time since last request: 0.000020 seconds.
  path: Assets/TextMesh Pro/Shaders/TMP_SDF-Mobile Overlay.shader
  artifactKey: Guid(a02a7d8c237544f1962732b55a9aebf1) Importer(2089858483,c653a7c40615fbf8c82c05b109e42dfe)
Start importing Assets/TextMesh Pro/Shaders/TMP_SDF-Mobile Overlay.shader using Guid(a02a7d8c237544f1962732b55a9aebf1) Importer(2089858483,c653a7c40615fbf8c82c05b109e42dfe) Generated GUIDs only implemented for interfaces!
 -> (artifact id: 'a02487c3d893cb39e87f6086a00d1e1e') in 0.013800 seconds 
========================================================================
Received Import Request.
  Time since last request: 0.000021 seconds.
  path: Assets/KrakenProfiler/Demo/Scenes/Menu.unity
  artifactKey: Guid(9fc0d4010bbf28b4594072e72b8655ab) Importer(2089858483,c653a7c40615fbf8c82c05b109e42dfe)
Start importing Assets/KrakenProfiler/Demo/Scenes/Menu.unity using Guid(9fc0d4010bbf28b4594072e72b8655ab) Importer(2089858483,c653a7c40615fbf8c82c05b109e42dfe) Opening scene 'Assets/KrakenProfiler/Demo/Scenes/Menu.unity additively'
Loaded scene 'Assets/KrakenProfiler/Demo/Scenes/Menu.unity'
	Deserialize:            38.445 ms
	Integration:            47.312 ms
	Integration of assets:  1.171 ms
	Thread Wait Time:       0.007 ms
	Total Operation Time:   86.934 ms
Generated GUIDs only implemented for interfaces!
 -> (artifact id: 'cf322227fea14d27241b43bc2e18d9c4') in 0.207065 seconds 
========================================================================
Received Import Request.
  Time since last request: 0.000031 seconds.
  path: Assets/TextMesh Pro/Fonts/LiberationSans.ttf
  artifactKey: Guid(e3265ab4bf004d28a9537516768c1c75) Importer(2089858483,c653a7c40615fbf8c82c05b109e42dfe)
Start importing Assets/TextMesh Pro/Fonts/LiberationSans.ttf using Guid(e3265ab4bf004d28a9537516768c1c75) Importer(2089858483,c653a7c40615fbf8c82c05b109e42dfe) Generated GUIDs only implemented for interfaces!
 -> (artifact id: 'e0ae9d507ff812ea02e27ad76455175f') in 0.025544 seconds 
========================================================================
Received Import Request.
  Time since last request: 0.000023 seconds.
  path: Assets/TextMesh Pro/Documentation/TextMesh Pro User Guide 2016.pdf
  artifactKey: Guid(1b8d251f9af63b746bf2f7ffe00ebb9b) Importer(2089858483,c653a7c40615fbf8c82c05b109e42dfe)
Start importing Assets/TextMesh Pro/Documentation/TextMesh Pro User Guide 2016.pdf using Guid(1b8d251f9af63b746bf2f7ffe00ebb9b) Importer(2089858483,c653a7c40615fbf8c82c05b109e42dfe) Generated GUIDs only implemented for interfaces!
 -> (artifact id: '61c0de05617928aee98c19b8c3879ab2') in 0.011533 seconds 
========================================================================
Received Import Request.
  Time since last request: 0.000020 seconds.
  path: Assets/TextMesh Pro/Shaders/TMPro_Properties.cginc
  artifactKey: Guid(3997e2241185407d80309a82f9148466) Importer(2089858483,c653a7c40615fbf8c82c05b109e42dfe)
Start importing Assets/TextMesh Pro/Shaders/TMPro_Properties.cginc using Guid(3997e2241185407d80309a82f9148466) Importer(2089858483,c653a7c40615fbf8c82c05b109e42dfe) Generated GUIDs only implemented for interfaces!
 -> (artifact id: 'c63f423b4e60fadf21835fffc5444c8c') in 0.009653 seconds 
========================================================================
Received Import Request.
  Time since last request: 0.000016 seconds.
  path: Assets/TextMesh Pro/Shaders/TMP_Bitmap-Custom-Atlas.shader
  artifactKey: Guid(48bb5f55d8670e349b6e614913f9d910) Importer(2089858483,c653a7c40615fbf8c82c05b109e42dfe)
Start importing Assets/TextMesh Pro/Shaders/TMP_Bitmap-Custom-Atlas.shader using Guid(48bb5f55d8670e349b6e614913f9d910) Importer(2089858483,c653a7c40615fbf8c82c05b109e42dfe) Generated GUIDs only implemented for interfaces!
 -> (artifact id: '5981b55cdf94909f15639cbf003c2402') in 0.010812 seconds 
========================================================================
Received Import Request.
  Time since last request: 0.000020 seconds.
  path: Assets/TextMesh Pro/Shaders/TMP_SDF-Surface.shader
  artifactKey: Guid(f7ada0af4f174f0694ca6a487b8f543d) Importer(2089858483,c653a7c40615fbf8c82c05b109e42dfe)
Start importing Assets/TextMesh Pro/Shaders/TMP_SDF-Surface.shader using Guid(f7ada0af4f174f0694ca6a487b8f543d) Importer(2089858483,c653a7c40615fbf8c82c05b109e42dfe) Generated GUIDs only implemented for interfaces!
 -> (artifact id: '2305f4600a84d9353b7e196de123cf17') in 0.012809 seconds 
========================================================================
Received Import Request.
  Time since last request: 0.000015 seconds.
  path: Assets/TextMesh Pro/Shaders/TMP_SDF-Surface-Mobile.shader
  artifactKey: Guid(85187c2149c549c5b33f0cdb02836b17) Importer(2089858483,c653a7c40615fbf8c82c05b109e42dfe)
Start importing Assets/TextMesh Pro/Shaders/TMP_SDF-Surface-Mobile.shader using Guid(85187c2149c549c5b33f0cdb02836b17) Importer(2089858483,c653a7c40615fbf8c82c05b109e42dfe) Generated GUIDs only implemented for interfaces!
 -> (artifact id: 'd2b9e62199ace3ac475491055949f67f') in 0.012720 seconds 
========================================================================
Received Import Request.
  Time since last request: 0.000019 seconds.
  path: Assets/TextMesh Pro/Shaders/TMP_Bitmap-Mobile.shader
  artifactKey: Guid(1e3b057af24249748ff873be7fafee47) Importer(2089858483,c653a7c40615fbf8c82c05b109e42dfe)
Start importing Assets/TextMesh Pro/Shaders/TMP_Bitmap-Mobile.shader using Guid(1e3b057af24249748ff873be7fafee47) Importer(2089858483,c653a7c40615fbf8c82c05b109e42dfe) Generated GUIDs only implemented for interfaces!
 -> (artifact id: '76425b22cfc4b32a5552b3a05ea2c796') in 0.012090 seconds 
========================================================================
Received Import Request.
  Time since last request: 0.000022 seconds.
  path: Assets/TextMesh Pro/Shaders/TMPro_Surface.cginc
  artifactKey: Guid(d930090c0cd643c7b55f19a38538c162) Importer(2089858483,c653a7c40615fbf8c82c05b109e42dfe)
Start importing Assets/TextMesh Pro/Shaders/TMPro_Surface.cginc using Guid(d930090c0cd643c7b55f19a38538c162) Importer(2089858483,c653a7c40615fbf8c82c05b109e42dfe) Generated GUIDs only implemented for interfaces!
 -> (artifact id: '646adb3fa5e72369e34ed3cb81690158') in 0.008639 seconds 
========================================================================
Received Import Request.
  Time since last request: 0.000022 seconds.
  path: Assets/KrakenProfiler/Demo/Materials/Objects.mat
  artifactKey: Guid(3c52adc9c0e11ac44ae3297858a8f1b8) Importer(2089858483,c653a7c40615fbf8c82c05b109e42dfe)
Start importing Assets/KrakenProfiler/Demo/Materials/Objects.mat using Guid(3c52adc9c0e11ac44ae3297858a8f1b8) Importer(2089858483,c653a7c40615fbf8c82c05b109e42dfe) Generated GUIDs only implemented for interfaces!
 -> (artifact id: 'dc2550fd0a215741159a28feed287340') in 0.013112 seconds 
========================================================================
Received Import Request.
  Time since last request: 0.000016 seconds.
  path: Assets/TextMesh Pro/Resources/LineBreaking Leading Characters.txt
  artifactKey: Guid(d82c1b31c7e74239bff1220585707d2b) Importer(2089858483,c653a7c40615fbf8c82c05b109e42dfe)
Start importing Assets/TextMesh Pro/Resources/LineBreaking Leading Characters.txt using Guid(d82c1b31c7e74239bff1220585707d2b) Importer(2089858483,c653a7c40615fbf8c82c05b109e42dfe) Generated GUIDs only implemented for interfaces!
 -> (artifact id: 'aacaadb34bb7c8e385c8242910824c16') in 0.021075 seconds 
========================================================================
Received Import Request.
  Time since last request: 0.000017 seconds.
  path: Assets/URPSettings/URP_Renderer.asset
  artifactKey: Guid(9d72204064c0ffe44ae83dfe5d7f15c4) Importer(2089858483,c653a7c40615fbf8c82c05b109e42dfe)
Start importing Assets/URPSettings/URP_Renderer.asset using Guid(9d72204064c0ffe44ae83dfe5d7f15c4) Importer(2089858483,c653a7c40615fbf8c82c05b109e42dfe) Generated GUIDs only implemented for interfaces!
 -> (artifact id: 'f90f7b39282dfa62e5a452f6ed311ad7') in 0.016355 seconds 
========================================================================
Received Import Request.
  Time since last request: 0.000023 seconds.
  path: Assets/TextMesh Pro/Shaders/TMP_SDF-Mobile Masking.shader
  artifactKey: Guid(bc1ede39bf3643ee8e493720e4259791) Importer(2089858483,c653a7c40615fbf8c82c05b109e42dfe)
Start importing Assets/TextMesh Pro/Shaders/TMP_SDF-Mobile Masking.shader using Guid(bc1ede39bf3643ee8e493720e4259791) Importer(2089858483,c653a7c40615fbf8c82c05b109e42dfe) Generated GUIDs only implemented for interfaces!
 -> (artifact id: '50dbf3785b47e1f215395a89a98314a7') in 0.014337 seconds 
========================================================================
Received Prepare
Refreshing native plugins compatible for Editor in 4.78 ms, found 3 plugins.
Preloading 0 native plugins for Editor in 0.00 ms.
Unloading 72 Unused Serialized files (Serialized files now loaded: 0)
Unloading 70 unused Assets / (3.5 MB). Loaded Objects now: 5462.
Memory consumption went from 102.6 MB to 99.1 MB.
Total: 6.067900 ms (FindLiveObjects: 0.414800 ms CreateObjectMapping: 0.149400 ms MarkObjects: 3.753200 ms  DeleteObjects: 1.749500 ms)

AssetImportParameters requested are different than current active one (requested -> active):
  custom:video-decoder-ogg-theora: a1e56fd34408186e4bbccfd4996cb3dc -> 
  custom:container-muxer-webm: aa71ff27fc2769a1b78a27578f13a17b -> 
  custom:container-demuxer-webm: 4f35f7cbe854078d1ac9338744f61a02 -> 
  custom:video-encoder-webm-vp8: eb34c28f22e8b96e1ab97ce403110664 -> 
  custom:audio-encoder-webm-vorbis: bf7c407c2cedff20999df2af8eb42d56 -> 
  custom:framework-win-MediaFoundation: 216162199b28c13a410421893ffa2e32 -> 
  custom:SearchIndexIgnoredProperties: e643bd26f0fe6173181afceb89e7c659 -> 
  custom:container-demuxer-ogg: 62fdf1f143b41e24485cea50d1cbac27 -> 
  custom:video-decoder-webm-vp8: 9c59270c3fd7afecdb556c50c9e8de78 -> 
  custom:audio-decoder-ogg-vorbis: bf7c407c2cedff20999df2af8eb42d56 -> 
========================================================================
Received Import Request.
  Time since last request: 15.259042 seconds.
  path: Assets/URPSettings/URP.asset
  artifactKey: Guid(d021a72836646144dbf3aef4cad18a58) Importer(815301076,1909f56bfc062723c751e8b465ee728b)
Start importing Assets/URPSettings/URP.asset using Guid(d021a72836646144dbf3aef4cad18a58) Importer(815301076,1909f56bfc062723c751e8b465ee728b)  -> (artifact id: '7641855b486c37503b915c15ac61c567') in 0.004238 seconds 
========================================================================
Received Import Request.
  Time since last request: 9.584864 seconds.
  path: Assets/UniversalRenderPipelineGlobalSettings.asset
  artifactKey: Guid(199906726606af545b3fb728e79cef63) Importer(815301076,1909f56bfc062723c751e8b465ee728b)
Start importing Assets/UniversalRenderPipelineGlobalSettings.asset using Guid(199906726606af545b3fb728e79cef63) Importer(815301076,1909f56bfc062723c751e8b465ee728b)  -> (artifact id: '3a63c1c45fae02a1e596341729488005') in 0.006600 seconds 
========================================================================
Received Import Request.
  Time since last request: 3.828947 seconds.
  path: Assets/KrakenProfiler/Demo/Scenes/Game.unity
  artifactKey: Guid(269329e1ba81afe49991ce4d22f9c62d) Importer(815301076,1909f56bfc062723c751e8b465ee728b)
Start importing Assets/KrakenProfiler/Demo/Scenes/Game.unity using Guid(269329e1ba81afe49991ce4d22f9c62d) Importer(815301076,1909f56bfc062723c751e8b465ee728b)  -> (artifact id: '36cb42b913c35f14361102e8ffd44a67') in 0.007643 seconds 
========================================================================
Received Import Request.
  Time since last request: 30.971050 seconds.
  path: Assets/KrakenProfiler/Demo/Materials/Floor.mat
  artifactKey: Guid(d8926df43b67b5d40bb156dc76b70d94) Importer(815301076,1909f56bfc062723c751e8b465ee728b)
Start importing Assets/KrakenProfiler/Demo/Materials/Floor.mat using Guid(d8926df43b67b5d40bb156dc76b70d94) Importer(815301076,1909f56bfc062723c751e8b465ee728b)  -> (artifact id: '3600672107ec4614af424b66ffc22580') in 0.155700 seconds 
========================================================================
Received Import Request.
  Time since last request: 10.512674 seconds.
  path: Assets/KrakenProfiler/Demo/Materials/Objects.mat
  artifactKey: Guid(3c52adc9c0e11ac44ae3297858a8f1b8) Importer(815301076,1909f56bfc062723c751e8b465ee728b)
Start importing Assets/KrakenProfiler/Demo/Materials/Objects.mat using Guid(3c52adc9c0e11ac44ae3297858a8f1b8) Importer(815301076,1909f56bfc062723c751e8b465ee728b)  -> (artifact id: 'ff0f29ecba877010077b4c03fe6ed4c7') in 0.025387 seconds 
========================================================================
Received Import Request.
  Time since last request: 63.295104 seconds.
  path: Assets/KrakenProfiler/Demo/Materials/Particl.mat
  artifactKey: Guid(11e3b4e8ad437ff45a1d801123f4e93b) Importer(815301076,1909f56bfc062723c751e8b465ee728b)
Start importing Assets/KrakenProfiler/Demo/Materials/Particl.mat using Guid(11e3b4e8ad437ff45a1d801123f4e93b) Importer(815301076,1909f56bfc062723c751e8b465ee728b)  -> (artifact id: 'e4d701b549cb80aec4773a19ffd66cf5') in 0.031225 seconds 
========================================================================
Received Import Request.
  Time since last request: 40.694690 seconds.
  path: Assets/KrakenProfiler/consola SDF.asset
  artifactKey: Guid(2ef8fa5bf31cb8e4eafdb59d6119c603) Importer(815301076,1909f56bfc062723c751e8b465ee728b)
Start importing Assets/KrakenProfiler/consola SDF.asset using Guid(2ef8fa5bf31cb8e4eafdb59d6119c603) Importer(815301076,1909f56bfc062723c751e8b465ee728b)  -> (artifact id: '56c2f261e24bf2bcbff90c665cd568fe') in 0.445823 seconds 
========================================================================
Received Import Request.
  Time since last request: 0.000037 seconds.
  path: Assets/TextMesh Pro/Resources/Fonts & Materials/LiberationSans SDF - Fallback.asset
  artifactKey: Guid(2e498d1c8094910479dc3e1b768306a4) Importer(815301076,1909f56bfc062723c751e8b465ee728b)
Start importing Assets/TextMesh Pro/Resources/Fonts & Materials/LiberationSans SDF - Fallback.asset using Guid(2e498d1c8094910479dc3e1b768306a4) Importer(815301076,1909f56bfc062723c751e8b465ee728b)  -> (artifact id: 'ddb3ee766a81ee6cce4b89eab30c445a') in 0.024711 seconds 
========================================================================
Received Import Request.
  Time since last request: 0.000035 seconds.
  path: Assets/TextMesh Pro/Resources/Fonts & Materials/LiberationSans SDF - Drop Shadow.mat
  artifactKey: Guid(e73a58f6e2794ae7b1b7e50b7fb811b0) Importer(815301076,1909f56bfc062723c751e8b465ee728b)
Start importing Assets/TextMesh Pro/Resources/Fonts & Materials/LiberationSans SDF - Drop Shadow.mat using Guid(e73a58f6e2794ae7b1b7e50b7fb811b0) Importer(815301076,1909f56bfc062723c751e8b465ee728b)  -> (artifact id: '1861e469fbce53c46bd04cb9977bf02f') in 0.034227 seconds 
Editor requested this worker to shutdown with reason: Scaling down because of idle timeout
AssetImportWorker is now disconnected from the server
Process exiting
Exiting without the bug reporter. Application will terminate with return code 0